<?xml version="1.0" encoding="UTF-8"?>
<!-- Generated by org.testng.reporters.JUnitXMLReporter -->
<testsuite ignored="2" hostname="LAPTOP-6IPEC57H" failures="2" tests="20" name="Test" time="0.255" errors="0" timestamp="2024-07-28T14:04:44 IST">
  <testcase classname="selenium.TestNG5" name="login" time="0.006"/>
  <testcase classname="selenium.TestNG5" name="registration" time="0.006">
    <failure type="java.lang.AssertionError" message="expected [true] but found [false]">
      <![CDATA[java.lang.AssertionError: expected [true] but found [false]
at selenium.TestNG5.registration(TestNG5.java:19)
at java.base/java.util.ArrayList.forEach(ArrayList.java:1511)
... Removed 31 stack frames]]>
    </failure>
  </testcase> <!-- registration -->
  <testcase classname="selenium.TestNG5" name="z" time="0.002">
    <failure type="java.lang.AssertionError" message="expected [true] but found [false]">
      <![CDATA[java.lang.AssertionError: expected [true] but found [false]
at selenium.TestNG5.z(TestNG5.java:9)
at java.base/java.util.ArrayList.forEach(ArrayList.java:1511)
... Removed 31 stack frames]]>
    </failure>
  </testcase> <!-- z -->
  <testcase classname="selenium.TestNG5" name="b" time="0.0">
    <skipped/>
  </testcase> <!-- b -->
  <testcase classname="selenium.TestNG1" name="a1" time="0.003"/>
  <testcase classname="selenium.TestNG1" name="a2" time="0.002"/>
  <testcase classname="selenium.TestNG1" name="a3" time="0.006"/>
  <testcase classname="selenium.TestNG2" name="a" time="0.003"/>
  <testcase classname="selenium.TestNG2" name="a2" time="0.003"/>
  <testcase classname="selenium.TestNG2" name="d" time="0.003"/>
  <testcase classname="selenium.TestNG2" name="c" time="0.002"/>
  <testcase classname="selenium.TestNG2" name="b" time="0.003"/>
  <testcase classname="selenium.TestNG3" name="a" time="0.006"/>
  <testcase classname="selenium.TestNG3" name="a" time="0.003"/>
  <testcase classname="selenium.TestNG3" name="a" time="0.002"/>
  <testcase classname="selenium.TestNG3" name="a" time="0.001"/>
  <testcase classname="selenium.TestNG3" name="a" time="0.004"/>
  <testcase classname="selenium.TestNG3" name="q" time="0.006"/>
  <testcase classname="selenium.TestNG4" name="b" time="0.002"/>
  <testcase classname="selenium.TestNG4" name="c" time="0.002">
    <skipped/>
  </testcase> <!-- c -->
  <testcase classname="selenium.TestNG3" name="p" time="0.0">
    <ignored/>
  </testcase> <!-- p -->
  <testcase classname="selenium.TestNG4" name="a" time="0.0">
    <ignored/>
  </testcase> <!-- a -->
</testsuite> <!-- Test -->
