<?xml version="1.0" encoding="UTF-8"?>
<testng-results ignored="0" total="2" passed="2" failed="0" skipped="0">
  <reporter-output>
  </reporter-output>
  <suite started-at="2024-08-06T01:08:09 IST" name="Default suite" finished-at="2024-08-06T01:08:21 IST" duration-ms="11826">
    <groups>
    </groups>
    <test started-at="2024-08-06T01:08:09 IST" name="Default test" finished-at="2024-08-06T01:08:21 IST" duration-ms="11826">
      <class name="selenium.FirstTest">
        <test-method signature="Facebook()[pri:0, instance:selenium.FirstTest@5d0a1059]" started-at="2024-08-06T01:08:09 IST" name="Facebook" finished-at="2024-08-06T01:08:14 IST" duration-ms="4361" status="PASS">
          <reporter-output>
          </reporter-output>
        </test-method> <!-- Facebook -->
        <test-method signature="TestGoogle()[pri:0, instance:selenium.FirstTest@5d0a1059]" started-at="2024-08-06T01:08:14 IST" name="TestGoogle" finished-at="2024-08-06T01:08:21 IST" duration-ms="7412" status="PASS">
          <reporter-output>
          </reporter-output>
        </test-method> <!-- TestGoogle -->
      </class> <!-- selenium.FirstTest -->
    </test> <!-- Default test -->
  </suite> <!-- Default suite -->
</testng-results>
